[INFO ] 2016-12-29 23:49:09.049 [main] GenericWebApplicationContext - Refreshing org.springframework.web.context.support.GenericWebApplicationContext@198d6542: startup date [Thu Dec 29 23:49:09 AEDT 2016]; root of context hierarchy
[INFO ] 2016-12-29 23:49:10.969 [main] RequestMappingHandlerAdapter - Looking for @ControllerAdvice: org.springframework.web.context.support.GenericWebApplicationContext@198d6542: startup date [Thu Dec 29 23:49:09 AEDT 2016]; root of context hierarchy
[INFO ] 2016-12-29 23:49:11.072 [main] RequestMappingHandlerMapping - Mapped "{[/],methods=[GET]}" onto public java.lang.String com.springdemo.contracts.GreetingController.home()
[INFO ] 2016-12-29 23:49:11.077 [main] RequestMappingHandlerMapping - Mapped "{[/error]}" onto public org.springframework.http.ResponseEntity<java.util.Map<java.lang.String, java.lang.Object>> org.springframework.boot.autoconfigure.web.BasicErrorController.error(javax.servlet.http.HttpServletRequest)
[INFO ] 2016-12-29 23:49:11.078 [main] RequestMappingHandlerMapping - Mapped "{[/error],produces=[text/html]}" onto public org.springframework.web.servlet.ModelAndView org.springframework.boot.autoconfigure.web.BasicErrorController.errorHtml(javax.servlet.http.HttpServletRequest,javax.servlet.http.HttpServletResponse)
[INFO ] 2016-12-29 23:49:11.125 [main] SimpleUrlHandlerMapping - Mapped URL path [/webjars/**] onto handler of type [class org.springframework.web.servlet.resource.ResourceHttpRequestHandler]
[INFO ] 2016-12-29 23:49:11.125 [main] SimpleUrlHandlerMapping - Mapped URL path [/**] onto handler of type [class org.springframework.web.servlet.resource.ResourceHttpRequestHandler]
[INFO ] 2016-12-29 23:49:11.192 [main] SimpleUrlHandlerMapping - Mapped URL path [/**/favicon.ico] onto handler of type [class org.springframework.web.servlet.resource.ResourceHttpRequestHandler]
[INFO ] 2016-12-29 23:49:11.403 [Thread-1] GenericWebApplicationContext - Closing org.springframework.web.context.support.GenericWebApplicationContext@198d6542: startup date [Thu Dec 29 23:49:09 AEDT 2016]; root of context hierarchy
[INFO ] 2016-12-29 23:49:16.148 [localhost-startStop-1] ContextLoader - Root WebApplicationContext: initialization completed in 1762 ms
[INFO ] 2016-12-29 23:49:16.608 [main] RequestMappingHandlerAdapter - Looking for @ControllerAdvice: org.springframework.boot.context.embedded.AnnotationConfigEmbeddedWebApplicationContext@311d617d: startup date [Thu Dec 29 23:49:14 AEDT 2016]; root of context hierarchy
[INFO ] 2016-12-29 23:49:16.697 [main] RequestMappingHandlerMapping - Mapped "{[/],methods=[GET]}" onto public java.lang.String com.springdemo.contracts.GreetingController.home()
[INFO ] 2016-12-29 23:49:16.701 [main] RequestMappingHandlerMapping - Mapped "{[/error]}" onto public org.springframework.http.ResponseEntity<java.util.Map<java.lang.String, java.lang.Object>> org.springframework.boot.autoconfigure.web.BasicErrorController.error(javax.servlet.http.HttpServletRequest)
[INFO ] 2016-12-29 23:49:16.702 [main] RequestMappingHandlerMapping - Mapped "{[/error],produces=[text/html]}" onto public org.springframework.web.servlet.ModelAndView org.springframework.boot.autoconfigure.web.BasicErrorController.errorHtml(javax.servlet.http.HttpServletRequest,javax.servlet.http.HttpServletResponse)
[INFO ] 2016-12-29 23:49:16.746 [main] SimpleUrlHandlerMapping - Mapped URL path [/webjars/**] onto handler of type [class org.springframework.web.servlet.resource.ResourceHttpRequestHandler]
[INFO ] 2016-12-29 23:49:16.746 [main] SimpleUrlHandlerMapping - Mapped URL path [/**] onto handler of type [class org.springframework.web.servlet.resource.ResourceHttpRequestHandler]
[INFO ] 2016-12-29 23:49:16.802 [main] SimpleUrlHandlerMapping - Mapped URL path [/**/favicon.ico] onto handler of type [class org.springframework.web.servlet.resource.ResourceHttpRequestHandler]
[INFO ] 2016-12-29 23:49:26.619 [http-nio-8080-exec-1] DispatcherServlet - FrameworkServlet 'dispatcherServlet': initialization started
[INFO ] 2016-12-29 23:49:26.636 [http-nio-8080-exec-1] DispatcherServlet - FrameworkServlet 'dispatcherServlet': initialization completed in 16 ms
[INFO ] 2016-12-29 23:57:14.075 [main] GenericWebApplicationContext - Refreshing org.springframework.web.context.support.GenericWebApplicationContext@74a6f9c1: startup date [Thu Dec 29 23:57:14 AEDT 2016]; root of context hierarchy
[INFO ] 2016-12-29 23:57:15.281 [main] RequestMappingHandlerAdapter - Looking for @ControllerAdvice: org.springframework.web.context.support.GenericWebApplicationContext@74a6f9c1: startup date [Thu Dec 29 23:57:14 AEDT 2016]; root of context hierarchy
[INFO ] 2016-12-29 23:57:15.364 [main] RequestMappingHandlerMapping - Mapped "{[/],methods=[GET]}" onto public java.lang.String com.springdemo.contracts.GreetingController.home()
[INFO ] 2016-12-29 23:57:15.409 [main] SimpleUrlHandlerMapping - Mapped URL path [/webjars/**] onto handler of type [class org.springframework.web.servlet.resource.ResourceHttpRequestHandler]
[INFO ] 2016-12-29 23:57:15.410 [main] SimpleUrlHandlerMapping - Mapped URL path [/**] onto handler of type [class org.springframework.web.servlet.resource.ResourceHttpRequestHandler]
[INFO ] 2016-12-29 23:57:15.461 [main] SimpleUrlHandlerMapping - Mapped URL path [/**/favicon.ico] onto handler of type [class org.springframework.web.servlet.resource.ResourceHttpRequestHandler]
[INFO ] 2016-12-29 23:57:15.989 [main] GenericWebApplicationContext - Refreshing org.springframework.web.context.support.GenericWebApplicationContext@2bef09c0: startup date [Thu Dec 29 23:57:15 AEDT 2016]; root of context hierarchy
[INFO ] 2016-12-29 23:57:16.692 [main] RequestMappingHandlerAdapter - Looking for @ControllerAdvice: org.springframework.web.context.support.GenericWebApplicationContext@2bef09c0: startup date [Thu Dec 29 23:57:15 AEDT 2016]; root of context hierarchy
[INFO ] 2016-12-29 23:57:16.708 [main] RequestMappingHandlerMapping - Mapped "{[/],methods=[GET]}" onto public java.lang.String com.springdemo.contracts.GreetingController.home()
[INFO ] 2016-12-29 23:57:16.712 [main] RequestMappingHandlerMapping - Mapped "{[/error]}" onto public org.springframework.http.ResponseEntity<java.util.Map<java.lang.String, java.lang.Object>> org.springframework.boot.autoconfigure.web.BasicErrorController.error(javax.servlet.http.HttpServletRequest)
[INFO ] 2016-12-29 23:57:16.713 [main] RequestMappingHandlerMapping - Mapped "{[/error],produces=[text/html]}" onto public org.springframework.web.servlet.ModelAndView org.springframework.boot.autoconfigure.web.BasicErrorController.errorHtml(javax.servlet.http.HttpServletRequest,javax.servlet.http.HttpServletResponse)
[INFO ] 2016-12-29 23:57:16.734 [main] SimpleUrlHandlerMapping - Mapped URL path [/webjars/**] onto handler of type [class org.springframework.web.servlet.resource.ResourceHttpRequestHandler]
[INFO ] 2016-12-29 23:57:16.735 [main] SimpleUrlHandlerMapping - Mapped URL path [/**] onto handler of type [class org.springframework.web.servlet.resource.ResourceHttpRequestHandler]
[INFO ] 2016-12-29 23:57:16.766 [main] SimpleUrlHandlerMapping - Mapped URL path [/**/favicon.ico] onto handler of type [class org.springframework.web.servlet.resource.ResourceHttpRequestHandler]
[INFO ] 2016-12-29 23:57:21.383 [localhost-startStop-1] ContextLoader - Root WebApplicationContext: initialization completed in 1777 ms
[INFO ] 2016-12-29 23:57:21.890 [main] RequestMappingHandlerAdapter - Looking for @ControllerAdvice: org.springframework.boot.context.embedded.AnnotationConfigEmbeddedWebApplicationContext@311d617d: startup date [Thu Dec 29 23:57:19 AEDT 2016]; root of context hierarchy
[INFO ] 2016-12-29 23:57:21.986 [main] RequestMappingHandlerMapping - Mapped "{[/],methods=[GET]}" onto public java.lang.String com.springdemo.contracts.GreetingController.home()
[INFO ] 2016-12-29 23:57:21.991 [main] RequestMappingHandlerMapping - Mapped "{[/error]}" onto public org.springframework.http.ResponseEntity<java.util.Map<java.lang.String, java.lang.Object>> org.springframework.boot.autoconfigure.web.BasicErrorController.error(javax.servlet.http.HttpServletRequest)
[INFO ] 2016-12-29 23:57:21.991 [main] RequestMappingHandlerMapping - Mapped "{[/error],produces=[text/html]}" onto public org.springframework.web.servlet.ModelAndView org.springframework.boot.autoconfigure.web.BasicErrorController.errorHtml(javax.servlet.http.HttpServletRequest,javax.servlet.http.HttpServletResponse)
[INFO ] 2016-12-29 23:57:22.029 [main] SimpleUrlHandlerMapping - Mapped URL path [/webjars/**] onto handler of type [class org.springframework.web.servlet.resource.ResourceHttpRequestHandler]
[INFO ] 2016-12-29 23:57:22.029 [main] SimpleUrlHandlerMapping - Mapped URL path [/**] onto handler of type [class org.springframework.web.servlet.resource.ResourceHttpRequestHandler]
[INFO ] 2016-12-29 23:57:22.080 [main] SimpleUrlHandlerMapping - Mapped URL path [/**/favicon.ico] onto handler of type [class org.springframework.web.servlet.resource.ResourceHttpRequestHandler]
[INFO ] 2016-12-29 23:57:30.899 [http-nio-8080-exec-1] DispatcherServlet - FrameworkServlet 'dispatcherServlet': initialization started
[INFO ] 2016-12-29 23:57:30.916 [http-nio-8080-exec-1] DispatcherServlet - FrameworkServlet 'dispatcherServlet': initialization completed in 17 ms
[INFO ] 2016-12-30 00:00:27.504 [main] GenericWebApplicationContext - Refreshing org.springframework.web.context.support.GenericWebApplicationContext@74a6f9c1: startup date [Fri Dec 30 00:00:27 AEDT 2016]; root of context hierarchy
[INFO ] 2016-12-30 00:00:28.916 [main] RequestMappingHandlerAdapter - Looking for @ControllerAdvice: org.springframework.web.context.support.GenericWebApplicationContext@74a6f9c1: startup date [Fri Dec 30 00:00:27 AEDT 2016]; root of context hierarchy
[INFO ] 2016-12-30 00:00:29.015 [main] RequestMappingHandlerMapping - Mapped "{[/],methods=[GET]}" onto public java.lang.String com.springdemo.contracts.GreetingController.home()
[INFO ] 2016-12-30 00:00:29.064 [main] SimpleUrlHandlerMapping - Mapped URL path [/webjars/**] onto handler of type [class org.springframework.web.servlet.resource.ResourceHttpRequestHandler]
[INFO ] 2016-12-30 00:00:29.064 [main] SimpleUrlHandlerMapping - Mapped URL path [/**] onto handler of type [class org.springframework.web.servlet.resource.ResourceHttpRequestHandler]
[INFO ] 2016-12-30 00:00:29.121 [main] SimpleUrlHandlerMapping - Mapped URL path [/**/favicon.ico] onto handler of type [class org.springframework.web.servlet.resource.ResourceHttpRequestHandler]
[INFO ] 2016-12-30 00:00:29.710 [main] GenericWebApplicationContext - Refreshing org.springframework.web.context.support.GenericWebApplicationContext@2bef09c0: startup date [Fri Dec 30 00:00:29 AEDT 2016]; root of context hierarchy
[INFO ] 2016-12-30 00:00:30.453 [main] RequestMappingHandlerAdapter - Looking for @ControllerAdvice: org.springframework.web.context.support.GenericWebApplicationContext@2bef09c0: startup date [Fri Dec 30 00:00:29 AEDT 2016]; root of context hierarchy
[INFO ] 2016-12-30 00:00:30.469 [main] RequestMappingHandlerMapping - Mapped "{[/],methods=[GET]}" onto public java.lang.String com.springdemo.contracts.GreetingController.home()
[INFO ] 2016-12-30 00:00:30.471 [main] RequestMappingHandlerMapping - Mapped "{[/error]}" onto public org.springframework.http.ResponseEntity<java.util.Map<java.lang.String, java.lang.Object>> org.springframework.boot.autoconfigure.web.BasicErrorController.error(javax.servlet.http.HttpServletRequest)
[INFO ] 2016-12-30 00:00:30.474 [main] RequestMappingHandlerMapping - Mapped "{[/error],produces=[text/html]}" onto public org.springframework.web.servlet.ModelAndView org.springframework.boot.autoconfigure.web.BasicErrorController.errorHtml(javax.servlet.http.HttpServletRequest,javax.servlet.http.HttpServletResponse)
[INFO ] 2016-12-30 00:00:30.502 [main] SimpleUrlHandlerMapping - Mapped URL path [/webjars/**] onto handler of type [class org.springframework.web.servlet.resource.ResourceHttpRequestHandler]
[INFO ] 2016-12-30 00:00:30.503 [main] SimpleUrlHandlerMapping - Mapped URL path [/**] onto handler of type [class org.springframework.web.servlet.resource.ResourceHttpRequestHandler]
[INFO ] 2016-12-30 00:00:30.533 [main] SimpleUrlHandlerMapping - Mapped URL path [/**/favicon.ico] onto handler of type [class org.springframework.web.servlet.resource.ResourceHttpRequestHandler]
[INFO ] 2016-12-30 00:00:30.667 [Thread-2] GenericWebApplicationContext - Closing org.springframework.web.context.support.GenericWebApplicationContext@2bef09c0: startup date [Fri Dec 30 00:00:29 AEDT 2016]; root of context hierarchy
[INFO ] 2016-12-30 00:00:30.669 [Thread-1] GenericWebApplicationContext - Closing org.springframework.web.context.support.GenericWebApplicationContext@74a6f9c1: startup date [Fri Dec 30 00:00:27 AEDT 2016]; root of context hierarchy
[INFO ] 2016-12-30 00:03:10.429 [main] GenericWebApplicationContext - Refreshing org.springframework.web.context.support.GenericWebApplicationContext@74a6f9c1: startup date [Fri Dec 30 00:03:10 AEDT 2016]; root of context hierarchy
[INFO ] 2016-12-30 00:03:11.625 [main] RequestMappingHandlerAdapter - Looking for @ControllerAdvice: org.springframework.web.context.support.GenericWebApplicationContext@74a6f9c1: startup date [Fri Dec 30 00:03:10 AEDT 2016]; root of context hierarchy
[INFO ] 2016-12-30 00:03:11.706 [main] RequestMappingHandlerMapping - Mapped "{[/],methods=[GET]}" onto public java.lang.String com.springdemo.contracts.GreetingController.home()
[INFO ] 2016-12-30 00:03:11.749 [main] SimpleUrlHandlerMapping - Mapped URL path [/webjars/**] onto handler of type [class org.springframework.web.servlet.resource.ResourceHttpRequestHandler]
[INFO ] 2016-12-30 00:03:11.750 [main] SimpleUrlHandlerMapping - Mapped URL path [/**] onto handler of type [class org.springframework.web.servlet.resource.ResourceHttpRequestHandler]
[INFO ] 2016-12-30 00:03:11.804 [main] SimpleUrlHandlerMapping - Mapped URL path [/**/favicon.ico] onto handler of type [class org.springframework.web.servlet.resource.ResourceHttpRequestHandler]
[INFO ] 2016-12-30 00:03:12.314 [main] GenericWebApplicationContext - Refreshing org.springframework.web.context.support.GenericWebApplicationContext@2bef09c0: startup date [Fri Dec 30 00:03:12 AEDT 2016]; root of context hierarchy
[INFO ] 2016-12-30 00:03:13.012 [main] RequestMappingHandlerAdapter - Looking for @ControllerAdvice: org.springframework.web.context.support.GenericWebApplicationContext@2bef09c0: startup date [Fri Dec 30 00:03:12 AEDT 2016]; root of context hierarchy
[INFO ] 2016-12-30 00:03:13.026 [main] RequestMappingHandlerMapping - Mapped "{[/],methods=[GET]}" onto public java.lang.String com.springdemo.contracts.GreetingController.home()
[INFO ] 2016-12-30 00:03:13.028 [main] RequestMappingHandlerMapping - Mapped "{[/error]}" onto public org.springframework.http.ResponseEntity<java.util.Map<java.lang.String, java.lang.Object>> org.springframework.boot.autoconfigure.web.BasicErrorController.error(javax.servlet.http.HttpServletRequest)
[INFO ] 2016-12-30 00:03:13.029 [main] RequestMappingHandlerMapping - Mapped "{[/error],produces=[text/html]}" onto public org.springframework.web.servlet.ModelAndView org.springframework.boot.autoconfigure.web.BasicErrorController.errorHtml(javax.servlet.http.HttpServletRequest,javax.servlet.http.HttpServletResponse)
[INFO ] 2016-12-30 00:03:13.052 [main] SimpleUrlHandlerMapping - Mapped URL path [/webjars/**] onto handler of type [class org.springframework.web.servlet.resource.ResourceHttpRequestHandler]
[INFO ] 2016-12-30 00:03:13.053 [main] SimpleUrlHandlerMapping - Mapped URL path [/**] onto handler of type [class org.springframework.web.servlet.resource.ResourceHttpRequestHandler]
[INFO ] 2016-12-30 00:03:13.084 [main] SimpleUrlHandlerMapping - Mapped URL path [/**/favicon.ico] onto handler of type [class org.springframework.web.servlet.resource.ResourceHttpRequestHandler]
[INFO ] 2016-12-30 00:03:13.221 [Thread-2] GenericWebApplicationContext - Closing org.springframework.web.context.support.GenericWebApplicationContext@2bef09c0: startup date [Fri Dec 30 00:03:12 AEDT 2016]; root of context hierarchy
[INFO ] 2016-12-30 00:03:17.614 [localhost-startStop-1] ContextLoader - Root WebApplicationContext: initialization completed in 1752 ms
[INFO ] 2016-12-30 00:03:18.064 [main] RequestMappingHandlerAdapter - Looking for @ControllerAdvice: org.springframework.boot.context.embedded.AnnotationConfigEmbeddedWebApplicationContext@311d617d: startup date [Fri Dec 30 00:03:15 AEDT 2016]; root of context hierarchy
[INFO ] 2016-12-30 00:03:18.155 [main] RequestMappingHandlerMapping - Mapped "{[/],methods=[GET]}" onto public java.lang.String com.springdemo.contracts.GreetingController.home()
[INFO ] 2016-12-30 00:03:18.160 [main] RequestMappingHandlerMapping - Mapped "{[/error]}" onto public org.springframework.http.ResponseEntity<java.util.Map<java.lang.String, java.lang.Object>> org.springframework.boot.autoconfigure.web.BasicErrorController.error(javax.servlet.http.HttpServletRequest)
[INFO ] 2016-12-30 00:03:18.160 [main] RequestMappingHandlerMapping - Mapped "{[/error],produces=[text/html]}" onto public org.springframework.web.servlet.ModelAndView org.springframework.boot.autoconfigure.web.BasicErrorController.errorHtml(javax.servlet.http.HttpServletRequest,javax.servlet.http.HttpServletResponse)
[INFO ] 2016-12-30 00:03:18.200 [main] SimpleUrlHandlerMapping - Mapped URL path [/webjars/**] onto handler of type [class org.springframework.web.servlet.resource.ResourceHttpRequestHandler]
[INFO ] 2016-12-30 00:03:18.201 [main] SimpleUrlHandlerMapping - Mapped URL path [/**] onto handler of type [class org.springframework.web.servlet.resource.ResourceHttpRequestHandler]
[INFO ] 2016-12-30 00:03:18.262 [main] SimpleUrlHandlerMapping - Mapped URL path [/**/favicon.ico] onto handler of type [class org.springframework.web.servlet.resource.ResourceHttpRequestHandler]
[INFO ] 2016-12-30 00:03:26.779 [http-nio-8080-exec-1] DispatcherServlet - FrameworkServlet 'dispatcherServlet': initialization started
[INFO ] 2016-12-30 00:03:26.795 [http-nio-8080-exec-1] DispatcherServlet - FrameworkServlet 'dispatcherServlet': initialization completed in 16 ms
[INFO ] 2017-01-01 11:21:15.721 [main] GenericWebApplicationContext - Refreshing org.springframework.web.context.support.GenericWebApplicationContext@74a6f9c1: startup date [Sun Jan 01 11:21:15 AEDT 2017]; root of context hierarchy
[INFO ] 2017-01-01 11:21:17.081 [main] RequestMappingHandlerAdapter - Looking for @ControllerAdvice: org.springframework.web.context.support.GenericWebApplicationContext@74a6f9c1: startup date [Sun Jan 01 11:21:15 AEDT 2017]; root of context hierarchy
[INFO ] 2017-01-01 11:21:17.167 [main] RequestMappingHandlerMapping - Mapped "{[/],methods=[GET]}" onto public java.lang.String com.springdemo.contracts.GreetingController.home()
[INFO ] 2017-01-01 11:21:17.206 [main] SimpleUrlHandlerMapping - Mapped URL path [/webjars/**] onto handler of type [class org.springframework.web.servlet.resource.ResourceHttpRequestHandler]
[INFO ] 2017-01-01 11:21:17.207 [main] SimpleUrlHandlerMapping - Mapped URL path [/**] onto handler of type [class org.springframework.web.servlet.resource.ResourceHttpRequestHandler]
[INFO ] 2017-01-01 11:21:17.266 [main] SimpleUrlHandlerMapping - Mapped URL path [/**/favicon.ico] onto handler of type [class org.springframework.web.servlet.resource.ResourceHttpRequestHandler]
[INFO ] 2017-01-01 11:21:17.873 [main] GenericWebApplicationContext - Refreshing org.springframework.web.context.support.GenericWebApplicationContext@2bef09c0: startup date [Sun Jan 01 11:21:17 AEDT 2017]; root of context hierarchy
[INFO ] 2017-01-01 11:21:18.626 [main] RequestMappingHandlerAdapter - Looking for @ControllerAdvice: org.springframework.web.context.support.GenericWebApplicationContext@2bef09c0: startup date [Sun Jan 01 11:21:17 AEDT 2017]; root of context hierarchy
[INFO ] 2017-01-01 11:21:18.642 [main] RequestMappingHandlerMapping - Mapped "{[/],methods=[GET]}" onto public java.lang.String com.springdemo.contracts.GreetingController.home()
[INFO ] 2017-01-01 11:21:18.644 [main] RequestMappingHandlerMapping - Mapped "{[/error]}" onto public org.springframework.http.ResponseEntity<java.util.Map<java.lang.String, java.lang.Object>> org.springframework.boot.autoconfigure.web.BasicErrorController.error(javax.servlet.http.HttpServletRequest)
[INFO ] 2017-01-01 11:21:18.645 [main] RequestMappingHandlerMapping - Mapped "{[/error],produces=[text/html]}" onto public org.springframework.web.servlet.ModelAndView org.springframework.boot.autoconfigure.web.BasicErrorController.errorHtml(javax.servlet.http.HttpServletRequest,javax.servlet.http.HttpServletResponse)
[INFO ] 2017-01-01 11:21:18.683 [main] SimpleUrlHandlerMapping - Mapped URL path [/webjars/**] onto handler of type [class org.springframework.web.servlet.resource.ResourceHttpRequestHandler]
[INFO ] 2017-01-01 11:21:18.683 [main] SimpleUrlHandlerMapping - Mapped URL path [/**] onto handler of type [class org.springframework.web.servlet.resource.ResourceHttpRequestHandler]
[INFO ] 2017-01-01 11:21:18.741 [main] SimpleUrlHandlerMapping - Mapped URL path [/**/favicon.ico] onto handler of type [class org.springframework.web.servlet.resource.ResourceHttpRequestHandler]
[INFO ] 2017-01-01 11:21:18.908 [Thread-2] GenericWebApplicationContext - Closing org.springframework.web.context.support.GenericWebApplicationContext@2bef09c0: startup date [Sun Jan 01 11:21:17 AEDT 2017]; root of context hierarchy
[INFO ] 2017-01-01 14:28:05.176 [main] GenericWebApplicationContext - Refreshing org.springframework.web.context.support.GenericWebApplicationContext@650929dc: startup date [Sun Jan 01 14:28:05 AEDT 2017]; root of context hierarchy
[INFO ] 2017-01-01 14:28:07.154 [main] RequestMappingHandlerAdapter - Looking for @ControllerAdvice: org.springframework.web.context.support.GenericWebApplicationContext@650929dc: startup date [Sun Jan 01 14:28:05 AEDT 2017]; root of context hierarchy
[INFO ] 2017-01-01 14:28:07.317 [main] RequestMappingHandlerMapping - Mapped "{[/],methods=[GET]}" onto public java.lang.String com.springdemo.contracts.GreetingController.home()
[INFO ] 2017-01-01 14:28:07.374 [main] SimpleUrlHandlerMapping - Mapped URL path [/webjars/**] onto handler of type [class org.springframework.web.servlet.resource.ResourceHttpRequestHandler]
[INFO ] 2017-01-01 14:28:07.374 [main] SimpleUrlHandlerMapping - Mapped URL path [/**] onto handler of type [class org.springframework.web.servlet.resource.ResourceHttpRequestHandler]
[INFO ] 2017-01-01 14:28:07.480 [main] SimpleUrlHandlerMapping - Mapped URL path [/**/favicon.ico] onto handler of type [class org.springframework.web.servlet.resource.ResourceHttpRequestHandler]
[INFO ] 2017-01-01 14:28:08.257 [main] GenericWebApplicationContext - Refreshing org.springframework.web.context.support.GenericWebApplicationContext@ba9ce36: startup date [Sun Jan 01 14:28:08 AEDT 2017]; root of context hierarchy
[INFO ] 2017-01-01 14:28:09.415 [main] RequestMappingHandlerAdapter - Looking for @ControllerAdvice: org.springframework.web.context.support.GenericWebApplicationContext@ba9ce36: startup date [Sun Jan 01 14:28:08 AEDT 2017]; root of context hierarchy
[INFO ] 2017-01-01 14:28:09.431 [main] RequestMappingHandlerMapping - Mapped "{[/],methods=[GET]}" onto public java.lang.String com.springdemo.contracts.GreetingController.home()
[INFO ] 2017-01-01 14:28:09.434 [main] RequestMappingHandlerMapping - Mapped "{[/error]}" onto public org.springframework.http.ResponseEntity<java.util.Map<java.lang.String, java.lang.Object>> org.springframework.boot.autoconfigure.web.BasicErrorController.error(javax.servlet.http.HttpServletRequest)
[INFO ] 2017-01-01 14:28:09.435 [main] RequestMappingHandlerMapping - Mapped "{[/error],produces=[text/html]}" onto public org.springframework.web.servlet.ModelAndView org.springframework.boot.autoconfigure.web.BasicErrorController.errorHtml(javax.servlet.http.HttpServletRequest,javax.servlet.http.HttpServletResponse)
[INFO ] 2017-01-01 14:28:09.465 [main] SimpleUrlHandlerMapping - Mapped URL path [/webjars/**] onto handler of type [class org.springframework.web.servlet.resource.ResourceHttpRequestHandler]
[INFO ] 2017-01-01 14:28:09.466 [main] SimpleUrlHandlerMapping - Mapped URL path [/**] onto handler of type [class org.springframework.web.servlet.resource.ResourceHttpRequestHandler]
[INFO ] 2017-01-01 14:28:09.501 [main] SimpleUrlHandlerMapping - Mapped URL path [/**/favicon.ico] onto handler of type [class org.springframework.web.servlet.resource.ResourceHttpRequestHandler]
[INFO ] 2017-01-01 14:28:09.672 [Thread-2] GenericWebApplicationContext - Closing org.springframework.web.context.support.GenericWebApplicationContext@650929dc: startup date [Sun Jan 01 14:28:05 AEDT 2017]; root of context hierarchy
[INFO ] 2017-01-06 10:30:27.861 [main] GenericWebApplicationContext - Refreshing org.springframework.web.context.support.GenericWebApplicationContext@650929dc: startup date [Fri Jan 06 10:30:27 AEDT 2017]; root of context hierarchy
[INFO ] 2017-01-06 10:30:29.947 [main] RequestMappingHandlerAdapter - Looking for @ControllerAdvice: org.springframework.web.context.support.GenericWebApplicationContext@650929dc: startup date [Fri Jan 06 10:30:27 AEDT 2017]; root of context hierarchy
[INFO ] 2017-01-06 10:30:30.104 [main] RequestMappingHandlerMapping - Mapped "{[/],methods=[GET]}" onto public java.lang.String com.springdemo.contracts.GreetingController.home()
[INFO ] 2017-01-06 10:30:30.152 [main] SimpleUrlHandlerMapping - Mapped URL path [/webjars/**] onto handler of type [class org.springframework.web.servlet.resource.ResourceHttpRequestHandler]
[INFO ] 2017-01-06 10:30:30.152 [main] SimpleUrlHandlerMapping - Mapped URL path [/**] onto handler of type [class org.springframework.web.servlet.resource.ResourceHttpRequestHandler]
[INFO ] 2017-01-06 10:30:30.239 [main] SimpleUrlHandlerMapping - Mapped URL path [/**/favicon.ico] onto handler of type [class org.springframework.web.servlet.resource.ResourceHttpRequestHandler]
[INFO ] 2017-01-06 10:30:31.021 [main] GenericWebApplicationContext - Refreshing org.springframework.web.context.support.GenericWebApplicationContext@ba9ce36: startup date [Fri Jan 06 10:30:31 AEDT 2017]; root of context hierarchy
[INFO ] 2017-01-06 10:30:32.105 [main] RequestMappingHandlerAdapter - Looking for @ControllerAdvice: org.springframework.web.context.support.GenericWebApplicationContext@ba9ce36: startup date [Fri Jan 06 10:30:31 AEDT 2017]; root of context hierarchy
[INFO ] 2017-01-06 10:30:32.141 [main] RequestMappingHandlerMapping - Mapped "{[/],methods=[GET]}" onto public java.lang.String com.springdemo.contracts.GreetingController.home()
[INFO ] 2017-01-06 10:30:32.144 [main] RequestMappingHandlerMapping - Mapped "{[/error]}" onto public org.springframework.http.ResponseEntity<java.util.Map<java.lang.String, java.lang.Object>> org.springframework.boot.autoconfigure.web.BasicErrorController.error(javax.servlet.http.HttpServletRequest)
[INFO ] 2017-01-06 10:30:32.145 [main] RequestMappingHandlerMapping - Mapped "{[/error],produces=[text/html]}" onto public org.springframework.web.servlet.ModelAndView org.springframework.boot.autoconfigure.web.BasicErrorController.errorHtml(javax.servlet.http.HttpServletRequest,javax.servlet.http.HttpServletResponse)
[INFO ] 2017-01-06 10:30:32.180 [main] SimpleUrlHandlerMapping - Mapped URL path [/webjars/**] onto handler of type [class org.springframework.web.servlet.resource.ResourceHttpRequestHandler]
[INFO ] 2017-01-06 10:30:32.180 [main] SimpleUrlHandlerMapping - Mapped URL path [/**] onto handler of type [class org.springframework.web.servlet.resource.ResourceHttpRequestHandler]
[INFO ] 2017-01-06 10:30:32.217 [main] SimpleUrlHandlerMapping - Mapped URL path [/**/favicon.ico] onto handler of type [class org.springframework.web.servlet.resource.ResourceHttpRequestHandler]
[INFO ] 2017-01-06 10:30:32.373 [Thread-2] GenericWebApplicationContext - Closing org.springframework.web.context.support.GenericWebApplicationContext@650929dc: startup date [Fri Jan 06 10:30:27 AEDT 2017]; root of context hierarchy
[INFO ] 2017-01-06 10:35:32.327 [main] GenericWebApplicationContext - Refreshing org.springframework.web.context.support.GenericWebApplicationContext@650929dc: startup date [Fri Jan 06 10:35:32 AEDT 2017]; root of context hierarchy
[INFO ] 2017-01-06 10:35:33.917 [main] RequestMappingHandlerAdapter - Looking for @ControllerAdvice: org.springframework.web.context.support.GenericWebApplicationContext@650929dc: startup date [Fri Jan 06 10:35:32 AEDT 2017]; root of context hierarchy
[INFO ] 2017-01-06 10:35:34.033 [main] RequestMappingHandlerMapping - Mapped "{[/hello],methods=[GET]}" onto public java.lang.String com.springdemo.contracts.GreetingController.home()
[INFO ] 2017-01-06 10:35:34.079 [main] SimpleUrlHandlerMapping - Mapped URL path [/webjars/**] onto handler of type [class org.springframework.web.servlet.resource.ResourceHttpRequestHandler]
[INFO ] 2017-01-06 10:35:34.079 [main] SimpleUrlHandlerMapping - Mapped URL path [/**] onto handler of type [class org.springframework.web.servlet.resource.ResourceHttpRequestHandler]
[INFO ] 2017-01-06 10:35:34.130 [main] SimpleUrlHandlerMapping - Mapped URL path [/**/favicon.ico] onto handler of type [class org.springframework.web.servlet.resource.ResourceHttpRequestHandler]
[INFO ] 2017-01-06 10:35:34.804 [main] GenericWebApplicationContext - Refreshing org.springframework.web.context.support.GenericWebApplicationContext@12a9cd43: startup date [Fri Jan 06 10:35:34 AEDT 2017]; root of context hierarchy
[INFO ] 2017-01-06 10:35:36.043 [main] RequestMappingHandlerAdapter - Looking for @ControllerAdvice: org.springframework.web.context.support.GenericWebApplicationContext@12a9cd43: startup date [Fri Jan 06 10:35:34 AEDT 2017]; root of context hierarchy
[INFO ] 2017-01-06 10:35:36.060 [main] RequestMappingHandlerMapping - Mapped "{[/hello],methods=[GET]}" onto public java.lang.String com.springdemo.contracts.GreetingController.home()
[INFO ] 2017-01-06 10:35:36.075 [main] RequestMappingHandlerMapping - Mapped "{[/error]}" onto public org.springframework.http.ResponseEntity<java.util.Map<java.lang.String, java.lang.Object>> org.springframework.boot.autoconfigure.web.BasicErrorController.error(javax.servlet.http.HttpServletRequest)
[INFO ] 2017-01-06 10:35:36.076 [main] RequestMappingHandlerMapping - Mapped "{[/error],produces=[text/html]}" onto public org.springframework.web.servlet.ModelAndView org.springframework.boot.autoconfigure.web.BasicErrorController.errorHtml(javax.servlet.http.HttpServletRequest,javax.servlet.http.HttpServletResponse)
[INFO ] 2017-01-06 10:35:36.105 [main] SimpleUrlHandlerMapping - Mapped URL path [/webjars/**] onto handler of type [class org.springframework.web.servlet.resource.ResourceHttpRequestHandler]
[INFO ] 2017-01-06 10:35:36.105 [main] SimpleUrlHandlerMapping - Mapped URL path [/**] onto handler of type [class org.springframework.web.servlet.resource.ResourceHttpRequestHandler]
[INFO ] 2017-01-06 10:35:36.140 [main] SimpleUrlHandlerMapping - Mapped URL path [/**/favicon.ico] onto handler of type [class org.springframework.web.servlet.resource.ResourceHttpRequestHandler]
[INFO ] 2017-01-06 10:35:36.301 [Thread-3] GenericWebApplicationContext - Closing org.springframework.web.context.support.GenericWebApplicationContext@12a9cd43: startup date [Fri Jan 06 10:35:34 AEDT 2017]; root of context hierarchy
[INFO ] 2017-01-06 11:00:29.590 [main] GenericWebApplicationContext - Refreshing org.springframework.web.context.support.GenericWebApplicationContext@650929dc: startup date [Fri Jan 06 11:00:29 AEDT 2017]; root of context hierarchy
[INFO ] 2017-01-06 11:00:31.190 [main] RequestMappingHandlerAdapter - Looking for @ControllerAdvice: org.springframework.web.context.support.GenericWebApplicationContext@650929dc: startup date [Fri Jan 06 11:00:29 AEDT 2017]; root of context hierarchy
[INFO ] 2017-01-06 11:00:31.306 [main] RequestMappingHandlerMapping - Mapped "{[/hello],methods=[GET]}" onto public java.lang.String com.springdemo.contracts.GreetingController.home()
[INFO ] 2017-01-06 11:00:31.357 [main] SimpleUrlHandlerMapping - Mapped URL path [/webjars/**] onto handler of type [class org.springframework.web.servlet.resource.ResourceHttpRequestHandler]
[INFO ] 2017-01-06 11:00:31.357 [main] SimpleUrlHandlerMapping - Mapped URL path [/**] onto handler of type [class org.springframework.web.servlet.resource.ResourceHttpRequestHandler]
[INFO ] 2017-01-06 11:00:31.425 [main] SimpleUrlHandlerMapping - Mapped URL path [/**/favicon.ico] onto handler of type [class org.springframework.web.servlet.resource.ResourceHttpRequestHandler]
[INFO ] 2017-01-06 11:00:32.178 [main] GenericWebApplicationContext - Refreshing org.springframework.web.context.support.GenericWebApplicationContext@ba9ce36: startup date [Fri Jan 06 11:00:32 AEDT 2017]; root of context hierarchy
[INFO ] 2017-01-06 11:00:33.150 [main] RequestMappingHandlerAdapter - Looking for @ControllerAdvice: org.springframework.web.context.support.GenericWebApplicationContext@ba9ce36: startup date [Fri Jan 06 11:00:32 AEDT 2017]; root of context hierarchy
[INFO ] 2017-01-06 11:00:33.167 [main] RequestMappingHandlerMapping - Mapped "{[/hello],methods=[GET]}" onto public java.lang.String com.springdemo.contracts.GreetingController.home()
[INFO ] 2017-01-06 11:00:33.170 [main] RequestMappingHandlerMapping - Mapped "{[/error]}" onto public org.springframework.http.ResponseEntity<java.util.Map<java.lang.String, java.lang.Object>> org.springframework.boot.autoconfigure.web.BasicErrorController.error(javax.servlet.http.HttpServletRequest)
[INFO ] 2017-01-06 11:00:33.171 [main] RequestMappingHandlerMapping - Mapped "{[/error],produces=[text/html]}" onto public org.springframework.web.servlet.ModelAndView org.springframework.boot.autoconfigure.web.BasicErrorController.errorHtml(javax.servlet.http.HttpServletRequest,javax.servlet.http.HttpServletResponse)
[INFO ] 2017-01-06 11:00:33.207 [main] SimpleUrlHandlerMapping - Mapped URL path [/webjars/**] onto handler of type [class org.springframework.web.servlet.resource.ResourceHttpRequestHandler]
[INFO ] 2017-01-06 11:00:33.207 [main] SimpleUrlHandlerMapping - Mapped URL path [/**] onto handler of type [class org.springframework.web.servlet.resource.ResourceHttpRequestHandler]
[INFO ] 2017-01-06 11:00:33.244 [main] SimpleUrlHandlerMapping - Mapped URL path [/**/favicon.ico] onto handler of type [class org.springframework.web.servlet.resource.ResourceHttpRequestHandler]
[INFO ] 2017-01-06 11:07:08.905 [main] GenericWebApplicationContext - Refreshing org.springframework.web.context.support.GenericWebApplicationContext@650929dc: startup date [Fri Jan 06 11:07:08 AEDT 2017]; root of context hierarchy
[INFO ] 2017-01-06 11:07:10.554 [main] RequestMappingHandlerAdapter - Looking for @ControllerAdvice: org.springframework.web.context.support.GenericWebApplicationContext@650929dc: startup date [Fri Jan 06 11:07:08 AEDT 2017]; root of context hierarchy
[INFO ] 2017-01-06 11:07:10.672 [main] RequestMappingHandlerMapping - Mapped "{[/],methods=[GET]}" onto public java.lang.String com.springdemo.contracts.GreetingController.home()
[INFO ] 2017-01-06 11:07:10.721 [main] SimpleUrlHandlerMapping - Mapped URL path [/webjars/**] onto handler of type [class org.springframework.web.servlet.resource.ResourceHttpRequestHandler]
[INFO ] 2017-01-06 11:07:10.722 [main] SimpleUrlHandlerMapping - Mapped URL path [/**] onto handler of type [class org.springframework.web.servlet.resource.ResourceHttpRequestHandler]
[INFO ] 2017-01-06 11:07:10.780 [main] SimpleUrlHandlerMapping - Mapped URL path [/**/favicon.ico] onto handler of type [class org.springframework.web.servlet.resource.ResourceHttpRequestHandler]
[INFO ] 2017-01-06 11:07:11.558 [main] GenericWebApplicationContext - Refreshing org.springframework.web.context.support.GenericWebApplicationContext@ba9ce36: startup date [Fri Jan 06 11:07:11 AEDT 2017]; root of context hierarchy
[INFO ] 2017-01-06 11:07:12.534 [main] RequestMappingHandlerAdapter - Looking for @ControllerAdvice: org.springframework.web.context.support.GenericWebApplicationContext@ba9ce36: startup date [Fri Jan 06 11:07:11 AEDT 2017]; root of context hierarchy
[INFO ] 2017-01-06 11:07:12.554 [main] RequestMappingHandlerMapping - Mapped "{[/],methods=[GET]}" onto public java.lang.String com.springdemo.contracts.GreetingController.home()
[INFO ] 2017-01-06 11:07:12.559 [main] RequestMappingHandlerMapping - Mapped "{[/error]}" onto public org.springframework.http.ResponseEntity<java.util.Map<java.lang.String, java.lang.Object>> org.springframework.boot.autoconfigure.web.BasicErrorController.error(javax.servlet.http.HttpServletRequest)
[INFO ] 2017-01-06 11:07:12.560 [main] RequestMappingHandlerMapping - Mapped "{[/error],produces=[text/html]}" onto public org.springframework.web.servlet.ModelAndView org.springframework.boot.autoconfigure.web.BasicErrorController.errorHtml(javax.servlet.http.HttpServletRequest,javax.servlet.http.HttpServletResponse)
[INFO ] 2017-01-06 11:07:12.592 [main] SimpleUrlHandlerMapping - Mapped URL path [/webjars/**] onto handler of type [class org.springframework.web.servlet.resource.ResourceHttpRequestHandler]
[INFO ] 2017-01-06 11:07:12.592 [main] SimpleUrlHandlerMapping - Mapped URL path [/**] onto handler of type [class org.springframework.web.servlet.resource.ResourceHttpRequestHandler]
[INFO ] 2017-01-06 11:07:12.630 [main] SimpleUrlHandlerMapping - Mapped URL path [/**/favicon.ico] onto handler of type [class org.springframework.web.servlet.resource.ResourceHttpRequestHandler]
[INFO ] 2017-01-06 11:21:38.449 [main] GenericWebApplicationContext - Refreshing org.springframework.web.context.support.GenericWebApplicationContext@1786e49f: startup date [Fri Jan 06 11:21:38 AEDT 2017]; root of context hierarchy
[INFO ] 2017-01-06 11:21:39.970 [main] RequestMappingHandlerAdapter - Looking for @ControllerAdvice: org.springframework.web.context.support.GenericWebApplicationContext@1786e49f: startup date [Fri Jan 06 11:21:38 AEDT 2017]; root of context hierarchy
[INFO ] 2017-01-06 11:21:40.077 [main] RequestMappingHandlerMapping - Mapped "{[/],methods=[GET]}" onto public java.lang.String com.springdemo.contracts.GreetingController.home()
[INFO ] 2017-01-06 11:21:40.122 [main] SimpleUrlHandlerMapping - Mapped URL path [/webjars/**] onto handler of type [class org.springframework.web.servlet.resource.ResourceHttpRequestHandler]
[INFO ] 2017-01-06 11:21:40.123 [main] SimpleUrlHandlerMapping - Mapped URL path [/**] onto handler of type [class org.springframework.web.servlet.resource.ResourceHttpRequestHandler]
[INFO ] 2017-01-06 11:21:40.192 [main] SimpleUrlHandlerMapping - Mapped URL path [/**/favicon.ico] onto handler of type [class org.springframework.web.servlet.resource.ResourceHttpRequestHandler]
[INFO ] 2017-01-06 11:21:40.895 [main] GenericWebApplicationContext - Refreshing org.springframework.web.context.support.GenericWebApplicationContext@337ab4a2: startup date [Fri Jan 06 11:21:40 AEDT 2017]; root of context hierarchy
[INFO ] 2017-01-06 11:21:41.839 [main] RequestMappingHandlerAdapter - Looking for @ControllerAdvice: org.springframework.web.context.support.GenericWebApplicationContext@337ab4a2: startup date [Fri Jan 06 11:21:40 AEDT 2017]; root of context hierarchy
[INFO ] 2017-01-06 11:21:41.859 [main] RequestMappingHandlerMapping - Mapped "{[/],methods=[GET]}" onto public java.lang.String com.springdemo.contracts.GreetingController.home()
[INFO ] 2017-01-06 11:21:41.862 [main] RequestMappingHandlerMapping - Mapped "{[/error]}" onto public org.springframework.http.ResponseEntity<java.util.Map<java.lang.String, java.lang.Object>> org.springframework.boot.autoconfigure.web.BasicErrorController.error(javax.servlet.http.HttpServletRequest)
[INFO ] 2017-01-06 11:21:41.863 [main] RequestMappingHandlerMapping - Mapped "{[/error],produces=[text/html]}" onto public org.springframework.web.servlet.ModelAndView org.springframework.boot.autoconfigure.web.BasicErrorController.errorHtml(javax.servlet.http.HttpServletRequest,javax.servlet.http.HttpServletResponse)
[INFO ] 2017-01-06 11:21:41.894 [main] SimpleUrlHandlerMapping - Mapped URL path [/webjars/**] onto handler of type [class org.springframework.web.servlet.resource.ResourceHttpRequestHandler]
[INFO ] 2017-01-06 11:21:41.895 [main] SimpleUrlHandlerMapping - Mapped URL path [/**] onto handler of type [class org.springframework.web.servlet.resource.ResourceHttpRequestHandler]
[INFO ] 2017-01-06 11:21:41.932 [main] SimpleUrlHandlerMapping - Mapped URL path [/**/favicon.ico] onto handler of type [class org.springframework.web.servlet.resource.ResourceHttpRequestHandler]
[INFO ] 2017-01-06 11:21:42.092 [Thread-2] GenericWebApplicationContext - Closing org.springframework.web.context.support.GenericWebApplicationContext@1786e49f: startup date [Fri Jan 06 11:21:38 AEDT 2017]; root of context hierarchy
[INFO ] 2017-01-06 11:21:42.092 [Thread-3] GenericWebApplicationContext - Closing org.springframework.web.context.support.GenericWebApplicationContext@337ab4a2: startup date [Fri Jan 06 11:21:40 AEDT 2017]; root of context hierarchy
[INFO ] 2017-01-11 09:19:25.503 [main] GenericWebApplicationContext - Refreshing org.springframework.web.context.support.GenericWebApplicationContext@551bc2c6: startup date [Wed Jan 11 09:19:25 AEDT 2017]; root of context hierarchy
[INFO ] 2017-01-11 09:19:27.253 [main] RequestMappingHandlerAdapter - Looking for @ControllerAdvice: org.springframework.web.context.support.GenericWebApplicationContext@551bc2c6: startup date [Wed Jan 11 09:19:25 AEDT 2017]; root of context hierarchy
[INFO ] 2017-01-11 09:19:27.363 [main] RequestMappingHandlerMapping - Mapped "{[/],methods=[GET]}" onto public java.lang.String com.springdemo.contracts.GreetingController.home()
[INFO ] 2017-01-11 09:19:27.420 [main] SimpleUrlHandlerMapping - Mapped URL path [/webjars/**] onto handler of type [class org.springframework.web.servlet.resource.ResourceHttpRequestHandler]
[INFO ] 2017-01-11 09:19:27.420 [main] SimpleUrlHandlerMapping - Mapped URL path [/**] onto handler of type [class org.springframework.web.servlet.resource.ResourceHttpRequestHandler]
[INFO ] 2017-01-11 09:19:27.495 [main] SimpleUrlHandlerMapping - Mapped URL path [/**/favicon.ico] onto handler of type [class org.springframework.web.servlet.resource.ResourceHttpRequestHandler]
[INFO ] 2017-01-11 09:19:28.225 [main] GenericWebApplicationContext - Refreshing org.springframework.web.context.support.GenericWebApplicationContext@36b085da: startup date [Wed Jan 11 09:19:28 AEDT 2017]; root of context hierarchy
[INFO ] 2017-01-11 09:19:29.347 [main] RequestMappingHandlerAdapter - Looking for @ControllerAdvice: org.springframework.web.context.support.GenericWebApplicationContext@36b085da: startup date [Wed Jan 11 09:19:28 AEDT 2017]; root of context hierarchy
[INFO ] 2017-01-11 09:19:29.370 [main] RequestMappingHandlerMapping - Mapped "{[/],methods=[GET]}" onto public java.lang.String com.springdemo.contracts.GreetingController.home()
[INFO ] 2017-01-11 09:19:29.375 [main] RequestMappingHandlerMapping - Mapped "{[/error]}" onto public org.springframework.http.ResponseEntity<java.util.Map<java.lang.String, java.lang.Object>> org.springframework.boot.autoconfigure.web.BasicErrorController.error(javax.servlet.http.HttpServletRequest)
[INFO ] 2017-01-11 09:19:29.376 [main] RequestMappingHandlerMapping - Mapped "{[/error],produces=[text/html]}" onto public org.springframework.web.servlet.ModelAndView org.springframework.boot.autoconfigure.web.BasicErrorController.errorHtml(javax.servlet.http.HttpServletRequest,javax.servlet.http.HttpServletResponse)
[INFO ] 2017-01-11 09:19:29.407 [main] SimpleUrlHandlerMapping - Mapped URL path [/webjars/**] onto handler of type [class org.springframework.web.servlet.resource.ResourceHttpRequestHandler]
[INFO ] 2017-01-11 09:19:29.408 [main] SimpleUrlHandlerMapping - Mapped URL path [/**] onto handler of type [class org.springframework.web.servlet.resource.ResourceHttpRequestHandler]
[INFO ] 2017-01-11 09:19:29.445 [main] SimpleUrlHandlerMapping - Mapped URL path [/**/favicon.ico] onto handler of type [class org.springframework.web.servlet.resource.ResourceHttpRequestHandler]
[INFO ] 2017-01-11 09:19:29.666 [Thread-3] GenericWebApplicationContext - Closing org.springframework.web.context.support.GenericWebApplicationContext@36b085da: startup date [Wed Jan 11 09:19:28 AEDT 2017]; root of context hierarchy
[INFO ] 2017-01-11 09:19:29.668 [Thread-2] GenericWebApplicationContext - Closing org.springframework.web.context.support.GenericWebApplicationContext@551bc2c6: startup date [Wed Jan 11 09:19:25 AEDT 2017]; root of context hierarchy
[INFO ] 2017-01-11 09:37:27.729 [main] GenericWebApplicationContext - Refreshing org.springframework.web.context.support.GenericWebApplicationContext@551bc2c6: startup date [Wed Jan 11 09:37:27 AEDT 2017]; root of context hierarchy
[INFO ] 2017-01-11 09:37:29.630 [main] RequestMappingHandlerAdapter - Looking for @ControllerAdvice: org.springframework.web.context.support.GenericWebApplicationContext@551bc2c6: startup date [Wed Jan 11 09:37:27 AEDT 2017]; root of context hierarchy
[INFO ] 2017-01-11 09:37:29.754 [main] RequestMappingHandlerMapping - Mapped "{[/],methods=[GET]}" onto public java.lang.String com.springdemo.contracts.GreetingController.home()
[INFO ] 2017-01-11 09:37:29.797 [main] SimpleUrlHandlerMapping - Mapped URL path [/webjars/**] onto handler of type [class org.springframework.web.servlet.resource.ResourceHttpRequestHandler]
[INFO ] 2017-01-11 09:37:29.797 [main] SimpleUrlHandlerMapping - Mapped URL path [/**] onto handler of type [class org.springframework.web.servlet.resource.ResourceHttpRequestHandler]
[INFO ] 2017-01-11 09:37:29.870 [main] SimpleUrlHandlerMapping - Mapped URL path [/**/favicon.ico] onto handler of type [class org.springframework.web.servlet.resource.ResourceHttpRequestHandler]
[INFO ] 2017-01-11 09:37:30.762 [main] GenericWebApplicationContext - Refreshing org.springframework.web.context.support.GenericWebApplicationContext@36b085da: startup date [Wed Jan 11 09:37:30 AEDT 2017]; root of context hierarchy
[INFO ] 2017-01-11 09:37:31.803 [main] RequestMappingHandlerAdapter - Looking for @ControllerAdvice: org.springframework.web.context.support.GenericWebApplicationContext@36b085da: startup date [Wed Jan 11 09:37:30 AEDT 2017]; root of context hierarchy
[INFO ] 2017-01-11 09:37:31.823 [main] RequestMappingHandlerMapping - Mapped "{[/],methods=[GET]}" onto public java.lang.String com.springdemo.contracts.GreetingController.home()
[INFO ] 2017-01-11 09:37:31.826 [main] RequestMappingHandlerMapping - Mapped "{[/error]}" onto public org.springframework.http.ResponseEntity<java.util.Map<java.lang.String, java.lang.Object>> org.springframework.boot.autoconfigure.web.BasicErrorController.error(javax.servlet.http.HttpServletRequest)
[INFO ] 2017-01-11 09:37:31.827 [main] RequestMappingHandlerMapping - Mapped "{[/error],produces=[text/html]}" onto public org.springframework.web.servlet.ModelAndView org.springframework.boot.autoconfigure.web.BasicErrorController.errorHtml(javax.servlet.http.HttpServletRequest,javax.servlet.http.HttpServletResponse)
[INFO ] 2017-01-11 09:37:31.852 [main] SimpleUrlHandlerMapping - Mapped URL path [/webjars/**] onto handler of type [class org.springframework.web.servlet.resource.ResourceHttpRequestHandler]
[INFO ] 2017-01-11 09:37:31.852 [main] SimpleUrlHandlerMapping - Mapped URL path [/**] onto handler of type [class org.springframework.web.servlet.resource.ResourceHttpRequestHandler]
[INFO ] 2017-01-11 09:37:31.883 [main] SimpleUrlHandlerMapping - Mapped URL path [/**/favicon.ico] onto handler of type [class org.springframework.web.servlet.resource.ResourceHttpRequestHandler]
[INFO ] 2017-01-11 09:37:32.067 [Thread-3] GenericWebApplicationContext - Closing org.springframework.web.context.support.GenericWebApplicationContext@36b085da: startup date [Wed Jan 11 09:37:30 AEDT 2017]; root of context hierarchy
[INFO ] 2017-01-11 09:37:32.073 [Thread-2] GenericWebApplicationContext - Closing org.springframework.web.context.support.GenericWebApplicationContext@551bc2c6: startup date [Wed Jan 11 09:37:27 AEDT 2017]; root of context hierarchy
[INFO ] 2017-01-11 09:43:08.992 [main] GenericWebApplicationContext - Refreshing org.springframework.web.context.support.GenericWebApplicationContext@551bc2c6: startup date [Wed Jan 11 09:43:08 AEDT 2017]; root of context hierarchy
[INFO ] 2017-01-11 09:43:10.865 [main] RequestMappingHandlerAdapter - Looking for @ControllerAdvice: org.springframework.web.context.support.GenericWebApplicationContext@551bc2c6: startup date [Wed Jan 11 09:43:08 AEDT 2017]; root of context hierarchy
[INFO ] 2017-01-11 09:43:10.984 [main] RequestMappingHandlerMapping - Mapped "{[/],methods=[GET]}" onto public java.lang.String com.springdemo.contracts.GreetingController.home()
[INFO ] 2017-01-11 09:43:11.037 [main] SimpleUrlHandlerMapping - Mapped URL path [/webjars/**] onto handler of type [class org.springframework.web.servlet.resource.ResourceHttpRequestHandler]
[INFO ] 2017-01-11 09:43:11.066 [main] SimpleUrlHandlerMapping - Mapped URL path [/**] onto handler of type [class org.springframework.web.servlet.resource.ResourceHttpRequestHandler]
[INFO ] 2017-01-11 09:43:11.145 [main] SimpleUrlHandlerMapping - Mapped URL path [/**/favicon.ico] onto handler of type [class org.springframework.web.servlet.resource.ResourceHttpRequestHandler]
[INFO ] 2017-01-11 09:43:11.847 [main] GenericWebApplicationContext - Refreshing org.springframework.web.context.support.GenericWebApplicationContext@36b085da: startup date [Wed Jan 11 09:43:11 AEDT 2017]; root of context hierarchy
[INFO ] 2017-01-11 09:43:12.960 [main] RequestMappingHandlerAdapter - Looking for @ControllerAdvice: org.springframework.web.context.support.GenericWebApplicationContext@36b085da: startup date [Wed Jan 11 09:43:11 AEDT 2017]; root of context hierarchy
[INFO ] 2017-01-11 09:43:12.976 [main] RequestMappingHandlerMapping - Mapped "{[/],methods=[GET]}" onto public java.lang.String com.springdemo.contracts.GreetingController.home()
[INFO ] 2017-01-11 09:43:12.979 [main] RequestMappingHandlerMapping - Mapped "{[/error]}" onto public org.springframework.http.ResponseEntity<java.util.Map<java.lang.String, java.lang.Object>> org.springframework.boot.autoconfigure.web.BasicErrorController.error(javax.servlet.http.HttpServletRequest)
[INFO ] 2017-01-11 09:43:12.979 [main] RequestMappingHandlerMapping - Mapped "{[/error],produces=[text/html]}" onto public org.springframework.web.servlet.ModelAndView org.springframework.boot.autoconfigure.web.BasicErrorController.errorHtml(javax.servlet.http.HttpServletRequest,javax.servlet.http.HttpServletResponse)
[INFO ] 2017-01-11 09:43:13.005 [main] SimpleUrlHandlerMapping - Mapped URL path [/webjars/**] onto handler of type [class org.springframework.web.servlet.resource.ResourceHttpRequestHandler]
[INFO ] 2017-01-11 09:43:13.006 [main] SimpleUrlHandlerMapping - Mapped URL path [/**] onto handler of type [class org.springframework.web.servlet.resource.ResourceHttpRequestHandler]
[INFO ] 2017-01-11 09:43:13.043 [main] SimpleUrlHandlerMapping - Mapped URL path [/**/favicon.ico] onto handler of type [class org.springframework.web.servlet.resource.ResourceHttpRequestHandler]
[INFO ] 2017-01-11 09:43:13.186 [Thread-3] GenericWebApplicationContext - Closing org.springframework.web.context.support.GenericWebApplicationContext@36b085da: startup date [Wed Jan 11 09:43:11 AEDT 2017]; root of context hierarchy
[INFO ] 2017-01-11 09:43:13.189 [Thread-2] GenericWebApplicationContext - Closing org.springframework.web.context.support.GenericWebApplicationContext@551bc2c6: startup date [Wed Jan 11 09:43:08 AEDT 2017]; root of context hierarchy
[INFO ] 2017-01-11 09:51:30.626 [main] GenericWebApplicationContext - Refreshing org.springframework.web.context.support.GenericWebApplicationContext@1633962a: startup date [Wed Jan 11 09:51:30 AEDT 2017]; root of context hierarchy
[INFO ] 2017-01-11 09:51:32.148 [main] RequestMappingHandlerMapping - Mapped "{[/],methods=[GET]}" onto public java.lang.String com.springdemo.contracts.GreetingController.home()
[INFO ] 2017-01-11 09:51:32.337 [main] RequestMappingHandlerAdapter - Looking for @ControllerAdvice: org.springframework.web.context.support.GenericWebApplicationContext@1633962a: startup date [Wed Jan 11 09:51:30 AEDT 2017]; root of context hierarchy
[INFO ] 2017-01-11 09:51:33.438 [main] GenericWebApplicationContext - Refreshing org.springframework.web.context.support.GenericWebApplicationContext@6f222699: startup date [Wed Jan 11 09:51:33 AEDT 2017]; root of context hierarchy
[INFO ] 2017-01-11 09:51:34.063 [main] RequestMappingHandlerMapping - Mapped "{[/],methods=[GET]}" onto public java.lang.String com.springdemo.contracts.GreetingController.home()
[INFO ] 2017-01-11 09:51:34.069 [main] RequestMappingHandlerMapping - Mapped "{[/error]}" onto public org.springframework.http.ResponseEntity<java.util.Map<java.lang.String, java.lang.Object>> org.springframework.boot.autoconfigure.web.BasicErrorController.error(javax.servlet.http.HttpServletRequest)
[INFO ] 2017-01-11 09:51:34.069 [main] RequestMappingHandlerMapping - Mapped "{[/error],produces=[text/html]}" onto public org.springframework.web.servlet.ModelAndView org.springframework.boot.autoconfigure.web.BasicErrorController.errorHtml(javax.servlet.http.HttpServletRequest,javax.servlet.http.HttpServletResponse)
[INFO ] 2017-01-11 09:51:34.155 [main] RequestMappingHandlerAdapter - Looking for @ControllerAdvice: org.springframework.web.context.support.GenericWebApplicationContext@6f222699: startup date [Wed Jan 11 09:51:33 AEDT 2017]; root of context hierarchy
[INFO ] 2017-01-11 09:51:34.766 [Thread-2] GenericWebApplicationContext - Closing org.springframework.web.context.support.GenericWebApplicationContext@1633962a: startup date [Wed Jan 11 09:51:30 AEDT 2017]; root of context hierarchy
[INFO ] 2017-01-11 09:51:34.768 [Thread-3] GenericWebApplicationContext - Closing org.springframework.web.context.support.GenericWebApplicationContext@6f222699: startup date [Wed Jan 11 09:51:33 AEDT 2017]; root of context hierarchy
[INFO ] 2017-01-11 09:56:45.750 [main] GenericWebApplicationContext - Refreshing org.springframework.web.context.support.GenericWebApplicationContext@1633962a: startup date [Wed Jan 11 09:56:45 AEDT 2017]; root of context hierarchy
[INFO ] 2017-01-11 09:56:47.158 [main] RequestMappingHandlerMapping - Mapped "{[/],methods=[GET]}" onto public java.lang.String com.springdemo.contracts.GreetingController.home()
[INFO ] 2017-01-11 09:56:47.384 [main] RequestMappingHandlerAdapter - Looking for @ControllerAdvice: org.springframework.web.context.support.GenericWebApplicationContext@1633962a: startup date [Wed Jan 11 09:56:45 AEDT 2017]; root of context hierarchy
[INFO ] 2017-01-11 09:56:48.553 [main] GenericWebApplicationContext - Refreshing org.springframework.web.context.support.GenericWebApplicationContext@6f222699: startup date [Wed Jan 11 09:56:48 AEDT 2017]; root of context hierarchy
[INFO ] 2017-01-11 09:56:49.197 [main] RequestMappingHandlerMapping - Mapped "{[/],methods=[GET]}" onto public java.lang.String com.springdemo.contracts.GreetingController.home()
[INFO ] 2017-01-11 09:56:49.204 [main] RequestMappingHandlerMapping - Mapped "{[/error]}" onto public org.springframework.http.ResponseEntity<java.util.Map<java.lang.String, java.lang.Object>> org.springframework.boot.autoconfigure.web.BasicErrorController.error(javax.servlet.http.HttpServletRequest)
[INFO ] 2017-01-11 09:56:49.205 [main] RequestMappingHandlerMapping - Mapped "{[/error],produces=[text/html]}" onto public org.springframework.web.servlet.ModelAndView org.springframework.boot.autoconfigure.web.BasicErrorController.errorHtml(javax.servlet.http.HttpServletRequest,javax.servlet.http.HttpServletResponse)
[INFO ] 2017-01-11 09:56:49.251 [main] RequestMappingHandlerAdapter - Looking for @ControllerAdvice: org.springframework.web.context.support.GenericWebApplicationContext@6f222699: startup date [Wed Jan 11 09:56:48 AEDT 2017]; root of context hierarchy
[INFO ] 2017-01-11 09:56:49.822 [Thread-2] GenericWebApplicationContext - Closing org.springframework.web.context.support.GenericWebApplicationContext@1633962a: startup date [Wed Jan 11 09:56:45 AEDT 2017]; root of context hierarchy
[INFO ] 2017-01-11 09:56:49.827 [Thread-3] GenericWebApplicationContext - Closing org.springframework.web.context.support.GenericWebApplicationContext@6f222699: startup date [Wed Jan 11 09:56:48 AEDT 2017]; root of context hierarchy
